2025-08-13T22:00:31.255822,C0001,INGESTED,NEW,NEW,P1001,URGENT,0
2025-08-13T22:00:31.260296,C0002,INGESTED,NEW,NEW,P1002,NORMAL,0
2025-08-13T22:00:31.260410,C0003,INGESTED,NEW,NEW,P1003,NORMAL,0
2025-08-13T22:00:31.260537,C0004,INGESTED,NEW,NEW,P1004,NORMAL,0
2025-08-13T22:00:31.260634,C0005,INGESTED,NEW,NEW,P1005,URGENT,0
2025-08-13T22:00:31.260726,C0006,INGESTED,NEW,NEW,P1006,NORMAL,0
2025-08-13T22:00:31.260818,C0007,INGESTED,NEW,NEW,P1007,URGENT,0
2025-08-13T22:00:31.260908,C0008,INGESTED,NEW,NEW,P1008,NORMAL,0
2025-08-13T22:00:31.260998,C0009,INGESTED,NEW,NEW,P1009,NORMAL,0
2025-08-13T22:00:31.261088,C0010,INGESTED,NEW,NEW,P1010,NORMAL,0
2025-08-13T22:00:31.261174,C0011,INGESTED,NEW,NEW,P1011,NORMAL,0
2025-08-13T22:00:31.261265,C0012,INGESTED,NEW,NEW,P1012,URGENT,0
2025-08-13T22:00:31.261368,C0013,INGESTED,NEW,NEW,P1013,NORMAL,0
2025-08-13T22:00:31.261459,C0014,INGESTED,NEW,NEW,P1014,NORMAL,0
2025-08-13T22:00:31.261549,C0015,INGESTED,NEW,NEW,P1015,URGENT,0
2025-08-13T22:00:31.261642,C0016,INGESTED,NEW,NEW,P1016,URGENT,0
2025-08-13T22:00:31.261740,C0017,INGESTED,NEW,NEW,P1017,URGENT,0
2025-08-13T22:00:31.261825,C0018,INGESTED,NEW,NEW,P1018,URGENT,0
2025-08-13T22:00:31.261909,C0019,INGESTED,NEW,NEW,P1019,NORMAL,0
2025-08-13T22:00:31.261997,C0020,INGESTED,NEW,NEW,P1020,URGENT,0
2025-08-13T22:00:31.262078,C0021,INGESTED,NEW,NEW,P1021,NORMAL,0
2025-08-13T22:00:31.262198,C0022,INGESTED,NEW,NEW,P1022,URGENT,0
2025-08-13T22:00:31.262285,C0023,INGESTED,NEW,NEW,P1023,NORMAL,0
2025-08-13T22:00:31.262381,C0024,INGESTED,NEW,NEW,P1024,URGENT,0
2025-08-13T22:00:31.262482,C0025,INGESTED,NEW,NEW,P1025,URGENT,0
2025-08-13T22:00:31.262570,C0026,INGESTED,NEW,NEW,P1026,NORMAL,0
2025-08-13T22:00:31.262658,C0027,INGESTED,NEW,NEW,P1027,NORMAL,0
2025-08-13T22:00:31.262735,C0028,INGESTED,NEW,NEW,P1028,URGENT,0
2025-08-13T22:00:31.262813,C0029,INGESTED,NEW,NEW,P1029,URGENT,0
2025-08-13T22:00:31.262891,C0030,INGESTED,NEW,NEW,P1030,NORMAL,0
2025-08-13T22:00:31.262987,C0031,INGESTED,NEW,NEW,P1031,NORMAL,0
2025-08-13T22:00:31.263079,C0032,INGESTED,NEW,NEW,P1032,NORMAL,0
2025-08-13T22:00:31.263169,C0033,INGESTED,NEW,NEW,P1033,NORMAL,0
2025-08-13T22:00:31.263245,C0034,INGESTED,NEW,NEW,P1034,NORMAL,0
2025-08-13T22:00:31.263333,C0035,INGESTED,NEW,NEW,P1035,URGENT,0
2025-08-13T22:00:31.263412,C0036,INGESTED,NEW,NEW,P1036,NORMAL,0
2025-08-13T22:00:31.263491,C0037,INGESTED,NEW,NEW,P1037,URGENT,0
2025-08-13T22:00:31.263574,C0038,INGESTED,NEW,NEW,P1038,NORMAL,0
2025-08-13T22:00:31.263647,C0039,INGESTED,NEW,NEW,P1039,URGENT,0
2025-08-13T22:00:31.263723,C0040,INGESTED,NEW,NEW,P1040,NORMAL,0
2025-08-13T22:00:31.263800,C0041,INGESTED,NEW,NEW,P1041,NORMAL,0
2025-08-13T22:00:31.263869,C0042,INGESTED,NEW,NEW,P1042,NORMAL,0
2025-08-13T22:00:31.263947,C0043,INGESTED,NEW,NEW,P1043,NORMAL,0
2025-08-13T22:00:31.264018,C0044,INGESTED,NEW,NEW,P1044,NORMAL,0
2025-08-13T22:00:31.264085,C0045,INGESTED,NEW,NEW,P1045,URGENT,0
2025-08-13T22:00:31.264155,C0046,INGESTED,NEW,NEW,P1046,NORMAL,0
2025-08-13T22:00:31.264227,C0047,INGESTED,NEW,NEW,P1047,NORMAL,0
2025-08-13T22:00:31.264317,C0048,INGESTED,NEW,NEW,P1048,NORMAL,0
2025-08-13T22:00:31.264406,C0049,INGESTED,NEW,NEW,P1049,NORMAL,0
2025-08-13T22:00:31.264478,C0050,INGESTED,NEW,NEW,P1050,URGENT,0
2025-08-13T22:00:31.264549,C0051,INGESTED,NEW,NEW,P1051,NORMAL,0
2025-08-13T22:00:31.264617,C0052,INGESTED,NEW,NEW,P1052,NORMAL,0
2025-08-13T22:00:31.264685,C0053,INGESTED,NEW,NEW,P1053,URGENT,0
2025-08-13T22:00:31.264755,C0054,INGESTED,NEW,NEW,P1054,NORMAL,0
2025-08-13T22:00:31.264837,C0055,INGESTED,NEW,NEW,P1055,URGENT,0
2025-08-13T22:00:31.264913,C0056,INGESTED,NEW,NEW,P1056,NORMAL,0
2025-08-13T22:00:31.264985,C0057,INGESTED,NEW,NEW,P1057,NORMAL,0
2025-08-13T22:00:31.265051,C0058,INGESTED,NEW,NEW,P1058,NORMAL,0
2025-08-13T22:00:31.265120,C0059,INGESTED,NEW,NEW,P1059,NORMAL,0
2025-08-13T22:00:31.265203,C0060,INGESTED,NEW,NEW,P1060,NORMAL,0
2025-08-13T22:00:31.265385,C0061,INGESTED,NEW,NEW,P1061,NORMAL,0
2025-08-13T22:00:31.265480,C0062,INGESTED,NEW,NEW,P1062,URGENT,0
2025-08-13T22:00:31.265551,C0063,INGESTED,NEW,NEW,P1063,NORMAL,0
2025-08-13T22:00:31.265650,C0064,INGESTED,NEW,NEW,P1064,URGENT,0
2025-08-13T22:00:31.265747,C0065,INGESTED,NEW,NEW,P1065,URGENT,0
2025-08-13T22:00:31.265813,C0066,INGESTED,NEW,NEW,P1066,URGENT,0
2025-08-13T22:00:31.265884,C0067,INGESTED,NEW,NEW,P1067,NORMAL,0
2025-08-13T22:00:31.265946,C0068,INGESTED,NEW,NEW,P1068,URGENT,0
2025-08-13T22:00:31.266016,C0069,INGESTED,NEW,NEW,P1069,NORMAL,0
2025-08-13T22:00:31.266077,C0070,INGESTED,NEW,NEW,P1070,URGENT,0
2025-08-13T22:00:31.266143,C0071,INGESTED,NEW,NEW,P1071,NORMAL,0
2025-08-13T22:00:31.266206,C0072,INGESTED,NEW,NEW,P1072,NORMAL,0
2025-08-13T22:00:31.266266,C0073,INGESTED,NEW,NEW,P1073,URGENT,0
2025-08-13T22:00:31.266331,C0074,INGESTED,NEW,NEW,P1074,NORMAL,0
2025-08-13T22:00:31.266412,C0075,INGESTED,NEW,NEW,P1075,URGENT,0
2025-08-13T22:00:31.266477,C0076,INGESTED,NEW,NEW,P1076,URGENT,0
2025-08-13T22:00:31.266538,C0077,INGESTED,NEW,NEW,P1077,URGENT,0
2025-08-13T22:00:31.266602,C0078,INGESTED,NEW,NEW,P1078,NORMAL,0
2025-08-13T22:00:31.266662,C0079,INGESTED,NEW,NEW,P1079,NORMAL,0
2025-08-13T22:00:31.266721,C0080,INGESTED,NEW,NEW,P1080,NORMAL,0
2025-08-13T22:00:31.266782,C0081,INGESTED,NEW,NEW,P1081,NORMAL,0
2025-08-13T22:00:31.266844,C0082,INGESTED,NEW,NEW,P1082,NORMAL,0
2025-08-13T22:00:31.266903,C0083,INGESTED,NEW,NEW,P1083,NORMAL,0
2025-08-13T22:00:31.266969,C0084,INGESTED,NEW,NEW,P1084,URGENT,0
2025-08-13T22:00:31.267028,C0085,INGESTED,NEW,NEW,P1085,NORMAL,0
2025-08-13T22:00:31.267090,C0086,INGESTED,NEW,NEW,P1086,URGENT,0
2025-08-13T22:00:31.267150,C0087,INGESTED,NEW,NEW,P1087,URGENT,0
2025-08-13T22:00:31.267216,C0088,INGESTED,NEW,NEW,P1088,URGENT,0
2025-08-13T22:00:31.267274,C0089,INGESTED,NEW,NEW,P1089,URGENT,0
2025-08-13T22:00:31.267335,C0090,INGESTED,NEW,NEW,P1090,NORMAL,0
2025-08-13T22:00:31.267400,C0091,INGESTED,NEW,NEW,P1091,NORMAL,0
2025-08-13T22:00:31.267458,C0092,INGESTED,NEW,NEW,P1092,NORMAL,0
2025-08-13T22:00:31.267514,C0093,INGESTED,NEW,NEW,P1093,URGENT,0
2025-08-13T22:00:31.267577,C0094,INGESTED,NEW,NEW,P1094,NORMAL,0
2025-08-13T22:00:31.267634,C0095,INGESTED,NEW,NEW,P1095,URGENT,0
2025-08-13T22:00:31.267722,C0096,INGESTED,NEW,NEW,P1096,NORMAL,0
2025-08-13T22:00:31.267818,C0097,INGESTED,NEW,NEW,P1097,NORMAL,0
2025-08-13T22:00:31.267890,C0098,INGESTED,NEW,NEW,P1098,NORMAL,0
2025-08-13T22:00:31.267952,C0099,INGESTED,NEW,NEW,P1099,URGENT,0
2025-08-13T22:00:31.268019,C0100,INGESTED,NEW,NEW,P1100,NORMAL,0
2025-08-13T22:00:31.272928,C0001,Worker-1,NEW,IN_PROGRESS,P1001,URGENT,1
2025-08-13T22:00:31.274198,C0001,Worker-1,IN_PROGRESS,APPROVED,P1001,URGENT,1
2025-08-13T22:00:31.274509,C0005,Worker-1,NEW,IN_PROGRESS,P1005,URGENT,1
2025-08-13T22:00:31.274622,C0005,Worker-1,IN_PROGRESS,APPROVED,P1005,URGENT,1
2025-08-13T22:00:31.274675,C0007,Worker-1,NEW,IN_PROGRESS,P1007,URGENT,1
2025-08-13T22:00:31.274682,C0012,Worker-2,NEW,IN_PROGRESS,P1012,URGENT,1
2025-08-13T22:00:31.274795,C0007,Worker-1,IN_PROGRESS,APPROVED,P1007,URGENT,1
2025-08-13T22:00:31.274832,C0012,Worker-2,IN_PROGRESS,REJECTED,P1012,URGENT,1
2025-08-13T22:00:31.274841,C0015,Worker-1,NEW,IN_PROGRESS,P1015,URGENT,1
2025-08-13T22:00:31.274876,C0016,Worker-2,NEW,IN_PROGRESS,P1016,URGENT,1
2025-08-13T22:00:31.275014,C0016,Worker-2,IN_PROGRESS,APPROVED,P1016,URGENT,1
2025-08-13T22:00:31.275029,C0015,Worker-1,IN_PROGRESS,APPROVED,P1015,URGENT,1
2025-08-13T22:00:31.275067,C0017,Worker-2,NEW,IN_PROGRESS,P1017,URGENT,1
2025-08-13T22:00:31.275079,C0018,Worker-1,NEW,IN_PROGRESS,P1018,URGENT,1
2025-08-13T22:00:31.275213,C0018,Worker-1,IN_PROGRESS,REJECTED,P1018,URGENT,1
2025-08-13T22:00:31.275250,C0020,Worker-1,NEW,IN_PROGRESS,P1020,URGENT,1
2025-08-13T22:00:31.275258,C0017,Worker-2,IN_PROGRESS,APPROVED,P1017,URGENT,1
2025-08-13T22:00:31.275335,C0022,Worker-2,NEW,IN_PROGRESS,P1022,URGENT,1
2025-08-13T22:00:31.275393,C0020,Worker-1,IN_PROGRESS,APPROVED,P1020,URGENT,1
2025-08-13T22:00:31.275454,C0024,Worker-1,NEW,IN_PROGRESS,P1024,URGENT,1
2025-08-13T22:00:31.275476,C0022,Worker-2,IN_PROGRESS,APPROVED,P1022,URGENT,1
2025-08-13T22:00:31.275532,C0025,Worker-2,NEW,IN_PROGRESS,P1025,URGENT,1
2025-08-13T22:00:31.275626,C0024,Worker-1,IN_PROGRESS,APPROVED,P1024,URGENT,1
2025-08-13T22:00:31.275678,C0025,Worker-2,IN_PROGRESS,APPROVED,P1025,URGENT,1
2025-08-13T22:00:31.275687,C0028,Worker-1,NEW,IN_PROGRESS,P1028,URGENT,1
2025-08-13T22:00:31.275731,C0029,Worker-2,NEW,IN_PROGRESS,P1029,URGENT,1
2025-08-13T22:00:31.275893,C0028,Worker-1,IN_PROGRESS,APPROVED,P1028,URGENT,1
2025-08-13T22:00:31.275941,C0035,Worker-1,NEW,IN_PROGRESS,P1035,URGENT,1
2025-08-13T22:00:31.275952,C0029,Worker-2,IN_PROGRESS,APPROVED,P1029,URGENT,1
2025-08-13T22:00:31.276087,C0037,Worker-2,NEW,IN_PROGRESS,P1037,URGENT,1
2025-08-13T22:00:31.276142,C0035,Worker-1,IN_PROGRESS,REJECTED,P1035,URGENT,1
2025-08-13T22:00:31.276191,C0039,Worker-1,NEW,IN_PROGRESS,P1039,URGENT,1
2025-08-13T22:00:31.276214,C0037,Worker-2,IN_PROGRESS,APPROVED,P1037,URGENT,1
2025-08-13T22:00:31.276253,C0045,Worker-2,NEW,IN_PROGRESS,P1045,URGENT,1
2025-08-13T22:00:31.276305,C0039,Worker-1,IN_PROGRESS,APPROVED,P1039,URGENT,1
2025-08-13T22:00:31.276338,C0050,Worker-1,NEW,IN_PROGRESS,P1050,URGENT,1
2025-08-13T22:00:31.276423,C0045,Worker-2,IN_PROGRESS,RETRYING,P1045,URGENT,1
2025-08-13T22:00:31.276500,C0053,Worker-6,NEW,IN_PROGRESS,P1053,URGENT,1
2025-08-13T22:00:31.276523,C0050,Worker-1,IN_PROGRESS,APPROVED,P1050,URGENT,1
2025-08-13T22:00:31.276605,C0064,Worker-7,NEW,IN_PROGRESS,P1064,URGENT,1
2025-08-13T22:00:31.276522,C0062,Worker-4,NEW,IN_PROGRESS,P1062,URGENT,1
2025-08-13T22:00:31.276516,C0055,Worker-5,NEW,IN_PROGRESS,P1055,URGENT,1
2025-08-13T22:00:31.276642,C0053,Worker-6,IN_PROGRESS,REJECTED,P1053,URGENT,1
2025-08-13T22:00:31.276662,C0065,Worker-2,NEW,IN_PROGRESS,P1065,URGENT,1
2025-08-13T22:00:31.276674,C0068,Worker-8,NEW,IN_PROGRESS,P1068,URGENT,1
2025-08-13T22:00:31.276669,C0066,Worker-1,NEW,IN_PROGRESS,P1066,URGENT,1
2025-08-13T22:00:31.276785,C0070,Worker-6,NEW,IN_PROGRESS,P1070,URGENT,1
2025-08-13T22:00:31.276851,C0064,Worker-7,IN_PROGRESS,REJECTED,P1064,URGENT,1
2025-08-13T22:00:31.276937,C0062,Worker-4,IN_PROGRESS,REJECTED,P1062,URGENT,1
2025-08-13T22:00:31.276986,C0055,Worker-5,IN_PROGRESS,APPROVED,P1055,URGENT,1
2025-08-13T22:00:31.277048,C0073,Worker-7,NEW,IN_PROGRESS,P1073,URGENT,1
2025-08-13T22:00:31.277026,C0075,Worker-4,NEW,IN_PROGRESS,P1075,URGENT,1
2025-08-13T22:00:31.277097,C0076,Worker-5,NEW,IN_PROGRESS,P1076,URGENT,1
2025-08-13T22:00:31.277107,C0065,Worker-2,IN_PROGRESS,RETRYING,P1065,URGENT,1
2025-08-13T22:00:31.277116,C0055,Worker-3,APPROVED,DUPLICATE,P1055,URGENT,1
2025-08-13T22:00:31.277184,C0068,Worker-8,IN_PROGRESS,REJECTED,P1068,URGENT,1
2025-08-13T22:00:31.277233,C0084,Worker-3,NEW,IN_PROGRESS,P1084,URGENT,1
2025-08-13T22:00:31.277278,C0076,Worker-5,IN_PROGRESS,RETRYING,P1076,URGENT,1
2025-08-13T22:00:31.277217,C0077,Worker-2,NEW,IN_PROGRESS,P1077,URGENT,1
2025-08-13T22:00:31.277317,C0087,Worker-5,NEW,IN_PROGRESS,P1087,URGENT,1
2025-08-13T22:00:31.277257,C0073,Worker-7,IN_PROGRESS,APPROVED,P1073,URGENT,1
2025-08-13T22:00:31.277291,C0086,Worker-8,NEW,IN_PROGRESS,P1086,URGENT,1
2025-08-13T22:00:31.277414,C0070,Worker-6,IN_PROGRESS,APPROVED,P1070,URGENT,1
2025-08-13T22:00:31.277398,C0066,Worker-1,IN_PROGRESS,APPROVED,P1066,URGENT,1
2025-08-13T22:00:31.277472,C0089,Worker-6,NEW,IN_PROGRESS,P1089,URGENT,1
2025-08-13T22:00:31.277489,C0093,Worker-1,NEW,IN_PROGRESS,P1093,URGENT,1
2025-08-13T22:00:31.277417,C0088,Worker-7,NEW,IN_PROGRESS,P1088,URGENT,1
2025-08-13T22:00:31.277589,C0075,Worker-4,IN_PROGRESS,APPROVED,P1075,URGENT,1
2025-08-13T22:00:31.277630,C0095,Worker-4,NEW,IN_PROGRESS,P1095,URGENT,1
2025-08-13T22:00:31.277627,C0087,Worker-5,IN_PROGRESS,RETRYING,P1087,URGENT,1
2025-08-13T22:00:31.277684,C0099,Worker-5,NEW,IN_PROGRESS,P1099,URGENT,1
2025-08-13T22:00:31.277689,C0089,Worker-6,IN_PROGRESS,APPROVED,P1089,URGENT,1
2025-08-13T22:00:31.277712,C0084,Worker-3,IN_PROGRESS,APPROVED,P1084,URGENT,1
2025-08-13T22:00:31.277744,C0086,Worker-8,IN_PROGRESS,APPROVED,P1086,URGENT,1
2025-08-13T22:00:31.277770,C0045,Worker-6,RETRYING,DUPLICATE,P1045,URGENT,1
2025-08-13T22:00:31.277781,C0065,Worker-3,RETRYING,DUPLICATE,P1065,URGENT,1
2025-08-13T22:00:31.277797,C0093,Worker-1,IN_PROGRESS,APPROVED,P1093,URGENT,1
2025-08-13T22:00:31.277910,C0077,Worker-2,IN_PROGRESS,APPROVED,P1077,URGENT,1
2025-08-13T22:00:31.277830,C0076,Worker-8,RETRYING,DUPLICATE,P1076,URGENT,1
2025-08-13T22:00:31.277898,C0087,Worker-6,RETRYING,DUPLICATE,P1087,URGENT,1
2025-08-13T22:00:31.277959,C0095,Worker-4,IN_PROGRESS,APPROVED,P1095,URGENT,1
2025-08-13T22:00:31.277868,C0088,Worker-7,IN_PROGRESS,APPROVED,P1088,URGENT,1
2025-08-13T22:00:31.277902,C0002,Worker-3,NEW,IN_PROGRESS,P1002,NORMAL,1
2025-08-13T22:00:31.277934,C0003,Worker-1,NEW,IN_PROGRESS,P1003,NORMAL,1
2025-08-13T22:00:31.277965,C0004,Worker-8,NEW,IN_PROGRESS,P1004,NORMAL,1
2025-08-13T22:00:31.277984,C0008,Worker-6,NEW,IN_PROGRESS,P1008,NORMAL,1
2025-08-13T22:00:31.277986,C0006,Worker-2,NEW,IN_PROGRESS,P1006,NORMAL,1
2025-08-13T22:00:31.277998,C0009,Worker-4,NEW,IN_PROGRESS,P1009,NORMAL,1
2025-08-13T22:00:31.278054,C0010,Worker-7,NEW,IN_PROGRESS,P1010,NORMAL,1
2025-08-13T22:00:31.278061,C0099,Worker-5,IN_PROGRESS,APPROVED,P1099,URGENT,1
2025-08-13T22:00:31.278153,C0002,Worker-3,IN_PROGRESS,APPROVED,P1002,NORMAL,1
2025-08-13T22:00:31.278264,C0003,Worker-1,IN_PROGRESS,RETRYING,P1003,NORMAL,1
2025-08-13T22:00:31.278382,C0009,Worker-4,IN_PROGRESS,APPROVED,P1009,NORMAL,1
2025-08-13T22:00:31.278299,C0011,Worker-5,NEW,IN_PROGRESS,P1011,NORMAL,1
2025-08-13T22:00:31.278308,C0004,Worker-8,IN_PROGRESS,REJECTED,P1004,NORMAL,1
2025-08-13T22:00:31.278359,C0013,Worker-3,NEW,IN_PROGRESS,P1013,NORMAL,1
2025-08-13T22:00:31.278510,C0021,Worker-8,NEW,IN_PROGRESS,P1021,NORMAL,1
2025-08-13T22:00:31.278429,C0006,Worker-2,IN_PROGRESS,REJECTED,P1006,NORMAL,1
2025-08-13T22:00:31.278435,C0019,Worker-4,NEW,IN_PROGRESS,P1019,NORMAL,1
2025-08-13T22:00:31.278410,C0014,Worker-1,NEW,IN_PROGRESS,P1014,NORMAL,1
2025-08-13T22:00:31.278482,C0008,Worker-6,IN_PROGRESS,RETRYING,P1008,NORMAL,1
2025-08-13T22:00:31.278693,C0011,Worker-5,IN_PROGRESS,APPROVED,P1011,NORMAL,1
2025-08-13T22:00:31.278597,C0023,Worker-2,NEW,IN_PROGRESS,P1023,NORMAL,1
2025-08-13T22:00:31.278769,C0013,Worker-3,IN_PROGRESS,APPROVED,P1013,NORMAL,1
2025-08-13T22:00:31.278645,C0010,Worker-7,IN_PROGRESS,APPROVED,P1010,NORMAL,1
2025-08-13T22:00:31.278734,C0026,Worker-6,NEW,IN_PROGRESS,P1026,NORMAL,1
2025-08-13T22:00:31.278862,C0031,Worker-7,NEW,IN_PROGRESS,P1031,NORMAL,1
2025-08-13T22:00:31.278739,C0027,Worker-5,NEW,IN_PROGRESS,P1027,NORMAL,1
2025-08-13T22:00:31.278811,C0030,Worker-3,NEW,IN_PROGRESS,P1030,NORMAL,1
2025-08-13T22:00:31.278795,C0021,Worker-8,IN_PROGRESS,APPROVED,P1021,NORMAL,1
2025-08-13T22:00:31.278869,C0019,Worker-4,IN_PROGRESS,APPROVED,P1019,NORMAL,1
2025-08-13T22:00:31.279045,C0026,Worker-6,IN_PROGRESS,APPROVED,P1026,NORMAL,1
2025-08-13T22:00:31.278897,C0023,Worker-2,IN_PROGRESS,RETRYING,P1023,NORMAL,1
2025-08-13T22:00:31.278920,C0014,Worker-1,IN_PROGRESS,APPROVED,P1014,NORMAL,1
2025-08-13T22:00:31.279037,C0032,Worker-8,NEW,IN_PROGRESS,P1032,NORMAL,1
2025-08-13T22:00:31.279078,C0033,Worker-4,NEW,IN_PROGRESS,P1033,NORMAL,1
2025-08-13T22:00:31.280113,C0027,Worker-5,IN_PROGRESS,APPROVED,P1027,NORMAL,1
2025-08-13T22:00:31.279099,C0030,Worker-3,IN_PROGRESS,REJECTED,P1030,NORMAL,1
2025-08-13T22:00:31.280158,C0040,Worker-5,NEW,IN_PROGRESS,P1040,NORMAL,1
2025-08-13T22:00:31.279119,C0034,Worker-6,NEW,IN_PROGRESS,P1034,NORMAL,1
2025-08-13T22:00:31.279135,C0036,Worker-2,NEW,IN_PROGRESS,P1036,NORMAL,1
2025-08-13T22:00:31.279149,C0031,Worker-7,IN_PROGRESS,APPROVED,P1031,NORMAL,1
2025-08-13T22:00:31.280031,C0038,Worker-1,NEW,IN_PROGRESS,P1038,NORMAL,1
2025-08-13T22:00:31.280331,C0033,Worker-4,IN_PROGRESS,REJECTED,P1033,NORMAL,1
2025-08-13T22:00:31.280187,C0041,Worker-3,NEW,IN_PROGRESS,P1041,NORMAL,1
2025-08-13T22:00:31.280221,C0032,Worker-8,IN_PROGRESS,RETRYING,P1032,NORMAL,1
2025-08-13T22:00:31.280457,C0036,Worker-2,IN_PROGRESS,APPROVED,P1036,NORMAL,1
2025-08-13T22:00:31.280346,C0042,Worker-7,NEW,IN_PROGRESS,P1042,NORMAL,1
2025-08-13T22:00:31.280376,C0040,Worker-5,IN_PROGRESS,REJECTED,P1040,NORMAL,1
2025-08-13T22:00:31.280377,C0043,Worker-4,NEW,IN_PROGRESS,P1043,NORMAL,1
2025-08-13T22:00:31.280374,C0034,Worker-6,IN_PROGRESS,RETRYING,P1034,NORMAL,1
2025-08-13T22:00:31.280570,C0038,Worker-1,IN_PROGRESS,RETRYING,P1038,NORMAL,1
2025-08-13T22:00:31.280484,C0044,Worker-8,NEW,IN_PROGRESS,P1044,NORMAL,1
2025-08-13T22:00:31.280634,C0049,Worker-1,NEW,IN_PROGRESS,P1049,NORMAL,1
2025-08-13T22:00:31.280634,C0041,Worker-3,IN_PROGRESS,APPROVED,P1041,NORMAL,1
2025-08-13T22:00:31.280497,C0046,Worker-2,NEW,IN_PROGRESS,P1046,NORMAL,1
2025-08-13T22:00:31.280753,C0042,Worker-7,IN_PROGRESS,APPROVED,P1042,NORMAL,1
2025-08-13T22:00:31.280774,C0044,Worker-8,IN_PROGRESS,REJECTED,P1044,NORMAL,1
2025-08-13T22:00:31.280566,C0047,Worker-5,NEW,IN_PROGRESS,P1047,NORMAL,1
2025-08-13T22:00:31.280605,C0048,Worker-6,NEW,IN_PROGRESS,P1048,NORMAL,1
2025-08-13T22:00:31.280769,C0051,Worker-3,NEW,IN_PROGRESS,P1051,NORMAL,1
2025-08-13T22:00:31.280769,C0043,Worker-4,IN_PROGRESS,APPROVED,P1043,NORMAL,1
2025-08-13T22:00:31.280858,C0052,Worker-7,NEW,IN_PROGRESS,P1052,NORMAL,1
2025-08-13T22:00:31.280978,C0049,Worker-1,IN_PROGRESS,APPROVED,P1049,NORMAL,1
2025-08-13T22:00:31.281030,C0056,Worker-4,NEW,IN_PROGRESS,P1056,NORMAL,1
2025-08-13T22:00:31.280885,C0054,Worker-8,NEW,IN_PROGRESS,P1054,NORMAL,1
2025-08-13T22:00:31.281062,C0046,Worker-2,IN_PROGRESS,REJECTED,P1046,NORMAL,1
2025-08-13T22:00:31.281080,C0057,Worker-1,NEW,IN_PROGRESS,P1057,NORMAL,1
2025-08-13T22:00:31.281128,C0047,Worker-5,IN_PROGRESS,APPROVED,P1047,NORMAL,1
2025-08-13T22:00:31.281137,C0048,Worker-6,IN_PROGRESS,APPROVED,P1048,NORMAL,1
2025-08-13T22:00:31.281224,C0051,Worker-3,IN_PROGRESS,RETRYING,P1051,NORMAL,1
2025-08-13T22:00:31.281167,C0058,Worker-2,NEW,IN_PROGRESS,P1058,NORMAL,1
2025-08-13T22:00:31.281332,C0061,Worker-3,NEW,IN_PROGRESS,P1061,NORMAL,1
2025-08-13T22:00:31.281249,C0059,Worker-5,NEW,IN_PROGRESS,P1059,NORMAL,1
2025-08-13T22:00:31.281448,C0054,Worker-8,IN_PROGRESS,APPROVED,P1054,NORMAL,1
2025-08-13T22:00:31.281266,C0060,Worker-6,NEW,IN_PROGRESS,P1060,NORMAL,1
2025-08-13T22:00:31.281286,C0052,Worker-7,IN_PROGRESS,RETRYING,P1052,NORMAL,1
2025-08-13T22:00:31.281380,C0056,Worker-4,IN_PROGRESS,REJECTED,P1056,NORMAL,1
2025-08-13T22:00:31.281540,C0057,Worker-1,IN_PROGRESS,APPROVED,P1057,NORMAL,1
2025-08-13T22:00:31.281625,C0069,Worker-7,NEW,IN_PROGRESS,P1069,NORMAL,1
2025-08-13T22:00:31.281550,C0063,Worker-8,NEW,IN_PROGRESS,P1063,NORMAL,1
2025-08-13T22:00:31.281612,C0067,Worker-4,NEW,IN_PROGRESS,P1067,NORMAL,1
2025-08-13T22:00:31.281643,C0059,Worker-5,IN_PROGRESS,APPROVED,P1059,NORMAL,1
2025-08-13T22:00:31.281677,C0071,Worker-1,NEW,IN_PROGRESS,P1071,NORMAL,1
2025-08-13T22:00:31.281692,C0061,Worker-3,IN_PROGRESS,APPROVED,P1061,NORMAL,1
2025-08-13T22:00:31.281753,C0058,Worker-2,IN_PROGRESS,REJECTED,P1058,NORMAL,1
2025-08-13T22:00:31.281916,C0069,Worker-7,IN_PROGRESS,APPROVED,P1069,NORMAL,1
2025-08-13T22:00:31.281973,C0063,Worker-8,IN_PROGRESS,APPROVED,P1063,NORMAL,1
2025-08-13T22:00:31.281988,C0079,Worker-7,NEW,IN_PROGRESS,P1079,NORMAL,1
2025-08-13T22:00:31.281857,C0072,Worker-5,NEW,IN_PROGRESS,P1072,NORMAL,1
2025-08-13T22:00:31.282032,C0080,Worker-8,NEW,IN_PROGRESS,P1080,NORMAL,1
2025-08-13T22:00:31.281862,C0060,Worker-6,IN_PROGRESS,APPROVED,P1060,NORMAL,1
2025-08-13T22:00:31.281922,C0074,Worker-3,NEW,IN_PROGRESS,P1074,NORMAL,1
2025-08-13T22:00:31.282139,C0071,Worker-1,IN_PROGRESS,APPROVED,P1071,NORMAL,1
2025-08-13T22:00:31.281963,C0078,Worker-2,NEW,IN_PROGRESS,P1078,NORMAL,1
2025-08-13T22:00:31.282225,C0080,Worker-8,IN_PROGRESS,APPROVED,P1080,NORMAL,1
2025-08-13T22:00:31.282279,C0074,Worker-3,IN_PROGRESS,APPROVED,P1074,NORMAL,1
2025-08-13T22:00:31.282296,C0083,Worker-8,NEW,IN_PROGRESS,P1083,NORMAL,1
2025-08-13T22:00:31.282330,C0079,Worker-7,IN_PROGRESS,REJECTED,P1079,NORMAL,1
2025-08-13T22:00:31.282073,C0067,Worker-4,IN_PROGRESS,APPROVED,P1067,NORMAL,1
2025-08-13T22:00:31.282371,C0090,Worker-7,NEW,IN_PROGRESS,P1090,NORMAL,1
2025-08-13T22:00:31.282116,C0081,Worker-6,NEW,IN_PROGRESS,P1081,NORMAL,1
2025-08-13T22:00:31.282208,C0082,Worker-1,NEW,IN_PROGRESS,P1082,NORMAL,1
2025-08-13T22:00:31.282507,C0083,Worker-8,IN_PROGRESS,APPROVED,P1083,NORMAL,1
2025-08-13T22:00:31.282350,C0085,Worker-3,NEW,IN_PROGRESS,P1085,NORMAL,1
2025-08-13T22:00:31.282581,C0092,Worker-8,NEW,IN_PROGRESS,P1092,NORMAL,1
2025-08-13T22:00:31.282394,C0072,Worker-5,IN_PROGRESS,APPROVED,P1072,NORMAL,1
2025-08-13T22:00:31.282394,C0091,Worker-4,NEW,IN_PROGRESS,P1091,NORMAL,1
2025-08-13T22:00:31.282717,C0085,Worker-3,IN_PROGRESS,APPROVED,P1085,NORMAL,1
2025-08-13T22:00:31.282763,C0094,Worker-5,NEW,IN_PROGRESS,P1094,NORMAL,1
2025-08-13T22:00:31.282589,C0090,Worker-7,IN_PROGRESS,APPROVED,P1090,NORMAL,1
2025-08-13T22:00:31.282807,C0092,Worker-8,IN_PROGRESS,APPROVED,P1092,NORMAL,1
2025-08-13T22:00:31.282867,C0082,Worker-1,IN_PROGRESS,APPROVED,P1082,NORMAL,1
2025-08-13T22:00:31.282886,C0098,Worker-8,NEW,IN_PROGRESS,P1098,NORMAL,1
2025-08-13T22:00:31.282644,C0078,Worker-2,IN_PROGRESS,APPROVED,P1078,NORMAL,1
2025-08-13T22:00:31.282784,C0096,Worker-3,NEW,IN_PROGRESS,P1096,NORMAL,1
2025-08-13T22:00:31.282970,C0003,Worker-2,RETRYING,DUPLICATE,P1003,NORMAL,1
2025-08-13T22:00:31.282857,C0097,Worker-7,NEW,IN_PROGRESS,P1097,NORMAL,1
2025-08-13T22:00:31.282881,C0081,Worker-6,IN_PROGRESS,APPROVED,P1081,NORMAL,1
2025-08-13T22:00:31.282914,C0100,Worker-1,NEW,IN_PROGRESS,P1100,NORMAL,1
2025-08-13T22:00:31.283072,C0098,Worker-8,IN_PROGRESS,APPROVED,P1098,NORMAL,1
2025-08-13T22:00:31.282998,C0008,Worker-2,RETRYING,DUPLICATE,P1008,NORMAL,1
2025-08-13T22:00:31.283145,C0096,Worker-3,IN_PROGRESS,APPROVED,P1096,NORMAL,1
2025-08-13T22:00:31.283155,C0034,Worker-2,RETRYING,DUPLICATE,P1034,NORMAL,1
2025-08-13T22:00:31.283010,C0091,Worker-4,IN_PROGRESS,APPROVED,P1091,NORMAL,1
2025-08-13T22:00:31.283200,C0051,Worker-2,RETRYING,DUPLICATE,P1051,NORMAL,1
2025-08-13T22:00:31.283213,C0094,Worker-5,IN_PROGRESS,APPROVED,P1094,NORMAL,1
2025-08-13T22:00:31.283067,C0023,Worker-6,RETRYING,DUPLICATE,P1023,NORMAL,1
2025-08-13T22:00:31.283123,C0032,Worker-8,RETRYING,DUPLICATE,P1032,NORMAL,1
2025-08-13T22:00:31.283313,C0097,Worker-7,IN_PROGRESS,APPROVED,P1097,NORMAL,1
2025-08-13T22:00:31.283175,C0038,Worker-3,RETRYING,DUPLICATE,P1038,NORMAL,1
2025-08-13T22:00:31.283223,C0052,Worker-4,RETRYING,DUPLICATE,P1052,NORMAL,1
2025-08-13T22:00:31.283296,C0100,Worker-1,IN_PROGRESS,APPROVED,P1100,NORMAL,1
2025-08-13T22:00:31.323140,C0101,INGESTED,NEW,NEW,P1101,NORMAL,0
2025-08-13T22:00:31.323344,C0102,INGESTED,NEW,NEW,P1102,URGENT,0
2025-08-13T22:00:31.323424,C0103,INGESTED,NEW,NEW,P1103,URGENT,0
2025-08-13T22:00:31.323479,C0104,INGESTED,NEW,NEW,P1104,URGENT,0
2025-08-13T22:00:31.323527,C0105,INGESTED,NEW,NEW,P1105,NORMAL,0
2025-08-13T22:00:31.323580,C0106,INGESTED,NEW,NEW,P1106,URGENT,0
2025-08-13T22:00:31.323624,C0107,INGESTED,NEW,NEW,P1107,NORMAL,0
2025-08-13T22:00:31.323671,C0108,INGESTED,NEW,NEW,P1108,NORMAL,0
2025-08-13T22:00:31.323715,C0109,INGESTED,NEW,NEW,P1109,NORMAL,0
2025-08-13T22:00:31.323763,C0110,INGESTED,NEW,NEW,P1110,URGENT,0
2025-08-13T22:00:31.323810,C0111,INGESTED,NEW,NEW,P1111,URGENT,0
2025-08-13T22:00:31.323853,C0112,INGESTED,NEW,NEW,P1112,NORMAL,0
2025-08-13T22:00:31.323896,C0113,INGESTED,NEW,NEW,P1113,URGENT,0
2025-08-13T22:00:31.323941,C0114,INGESTED,NEW,NEW,P1114,NORMAL,0
2025-08-13T22:00:31.323984,C0115,INGESTED,NEW,NEW,P1115,URGENT,0
2025-08-13T22:00:31.324028,C0116,INGESTED,NEW,NEW,P1116,URGENT,0
2025-08-13T22:00:31.324072,C0117,INGESTED,NEW,NEW,P1117,NORMAL,0
2025-08-13T22:00:31.324123,C0118,INGESTED,NEW,NEW,P1118,URGENT,0
2025-08-13T22:00:31.324165,C0119,INGESTED,NEW,NEW,P1119,NORMAL,0
2025-08-13T22:00:31.324229,C0120,INGESTED,NEW,NEW,P1120,NORMAL,0
2025-08-13T22:00:31.339778,C0102,Worker-1,NEW,IN_PROGRESS,P1102,URGENT,1
2025-08-13T22:00:31.340024,C0102,Worker-1,IN_PROGRESS,APPROVED,P1102,URGENT,1
2025-08-13T22:00:31.340077,C0103,Worker-1,NEW,IN_PROGRESS,P1103,URGENT,1
2025-08-13T22:00:31.340094,C0104,Worker-8,NEW,IN_PROGRESS,P1104,URGENT,1
2025-08-13T22:00:31.340119,C0106,Worker-5,NEW,IN_PROGRESS,P1106,URGENT,1
2025-08-13T22:00:31.340331,C0103,Worker-1,IN_PROGRESS,APPROVED,P1103,URGENT,1
2025-08-13T22:00:31.340386,C0104,Worker-8,IN_PROGRESS,APPROVED,P1104,URGENT,1
2025-08-13T22:00:31.340385,C0110,Worker-1,NEW,IN_PROGRESS,P1110,URGENT,1
2025-08-13T22:00:31.340431,C0111,Worker-8,NEW,IN_PROGRESS,P1111,URGENT,1
2025-08-13T22:00:31.340432,C0106,Worker-5,IN_PROGRESS,APPROVED,P1106,URGENT,1
2025-08-13T22:00:31.340495,C0113,Worker-3,NEW,IN_PROGRESS,P1113,URGENT,1
2025-08-13T22:00:31.340628,C0115,Worker-5,NEW,IN_PROGRESS,P1115,URGENT,1
2025-08-13T22:00:31.340657,C0111,Worker-8,IN_PROGRESS,APPROVED,P1111,URGENT,1
2025-08-13T22:00:31.340633,C0110,Worker-1,IN_PROGRESS,APPROVED,P1110,URGENT,1
2025-08-13T22:00:31.340710,C0113,Worker-3,IN_PROGRESS,APPROVED,P1113,URGENT,1
2025-08-13T22:00:31.340783,C0116,Worker-8,NEW,IN_PROGRESS,P1116,URGENT,1
2025-08-13T22:00:31.340830,C0115,Worker-5,IN_PROGRESS,APPROVED,P1115,URGENT,1
2025-08-13T22:00:31.340844,C0101,Worker-3,NEW,IN_PROGRESS,P1101,NORMAL,1
2025-08-13T22:00:31.340838,C0118,Worker-1,NEW,IN_PROGRESS,P1118,URGENT,1
2025-08-13T22:00:31.340969,C0105,Worker-5,NEW,IN_PROGRESS,P1105,NORMAL,1
2025-08-13T22:00:31.340998,C0116,Worker-8,IN_PROGRESS,RETRYING,P1116,URGENT,1
2025-08-13T22:00:31.341042,C0101,Worker-3,IN_PROGRESS,APPROVED,P1101,NORMAL,1
2025-08-13T22:00:31.341097,C0116,Worker-8,RETRYING,DUPLICATE,P1116,URGENT,1
2025-08-13T22:00:31.341104,C0118,Worker-1,IN_PROGRESS,APPROVED,P1118,URGENT,1
2025-08-13T22:00:31.341130,C0107,Worker-3,NEW,IN_PROGRESS,P1107,NORMAL,1
2025-08-13T22:00:31.341186,C0109,Worker-1,NEW,IN_PROGRESS,P1109,NORMAL,1
2025-08-13T22:00:31.341164,C0108,Worker-8,NEW,IN_PROGRESS,P1108,NORMAL,1
2025-08-13T22:00:31.341186,C0105,Worker-5,IN_PROGRESS,REJECTED,P1105,NORMAL,1
2025-08-13T22:00:31.341318,C0112,Worker-5,NEW,IN_PROGRESS,P1112,NORMAL,1
2025-08-13T22:00:31.341434,C0107,Worker-3,IN_PROGRESS,RETRYING,P1107,NORMAL,1
2025-08-13T22:00:31.341450,C0109,Worker-1,IN_PROGRESS,RETRYING,P1109,NORMAL,1
2025-08-13T22:00:31.341471,C0114,Worker-3,NEW,IN_PROGRESS,P1114,NORMAL,1
2025-08-13T22:00:31.341533,C0108,Worker-8,IN_PROGRESS,APPROVED,P1108,NORMAL,1
2025-08-13T22:00:31.341551,C0117,Worker-1,NEW,IN_PROGRESS,P1117,NORMAL,1
2025-08-13T22:00:31.341584,C0112,Worker-5,IN_PROGRESS,RETRYING,P1112,NORMAL,1
2025-08-13T22:00:31.341598,C0119,Worker-8,NEW,IN_PROGRESS,P1119,NORMAL,1
2025-08-13T22:00:31.341657,C0120,Worker-5,NEW,IN_PROGRESS,P1120,NORMAL,1
2025-08-13T22:00:31.341725,C0114,Worker-3,IN_PROGRESS,APPROVED,P1114,NORMAL,1
2025-08-13T22:00:31.341822,C0117,Worker-1,IN_PROGRESS,REJECTED,P1117,NORMAL,1
2025-08-13T22:00:31.341863,C0107,Worker-3,RETRYING,DUPLICATE,P1107,NORMAL,1
2025-08-13T22:00:31.341885,C0109,Worker-1,RETRYING,DUPLICATE,P1109,NORMAL,1
2025-08-13T22:00:31.341901,C0120,Worker-5,IN_PROGRESS,APPROVED,P1120,NORMAL,1
2025-08-13T22:00:31.341881,C0119,Worker-8,IN_PROGRESS,REJECTED,P1119,NORMAL,1
2025-08-13T22:00:31.341896,C0112,Worker-3,RETRYING,DUPLICATE,P1112,NORMAL,1
